# JRE version: OpenJDK Runtime Environment Microsoft-9388408 (17.0.11+9) (build 17.0.11+9-LTS)
# Java VM: OpenJDK 64-Bit Server VM Microsoft-9388408 (17.0.11+9-LTS, mixed mode, sharing, tiered, compressed oops, compressed class ptrs, g1 gc, windows-amd64)
GC Precious Log:
 CPUs: 8 total, 8 available
 Memory: 16262M
 Large Page Support: Disabled
 NUMA Support: Disabled
 Compressed Oops: Enabled (32-bit)
 Heap Region Size: 1M
 Heap Min Capacity: 8M
 Heap Initial Capacity: 256M
 Heap Max Capacity: 2G
 Pre-touch: Disabled
 Parallel Workers: 8
 Concurrent Workers: 2
 Concurrent Refinement Workers: 8
 Periodic GC: Disabled
Heap:
 garbage-first heap   total 314368K, used 265216K [0x0000000080000000, 0x0000000100000000)
  region size 1024K, 17 young (17408K), 4 survivors (4096K)
 Metaspace       used 110949K, committed 112768K, reserved 557056K
  class space    used 15276K, committed 16128K, reserved 425984K
GC Heap History (20 events):
Event: 158.110 GC heap before
{Heap before GC invocations=51 (full 0):
 garbage-first heap   total 314368K, used 243614K [0x0000000080000000, 0x0000000100000000)
  region size 1024K, 120 young (122880K), 17 survivors (17408K)
 Metaspace       used 95059K, committed 96576K, reserved 557056K
  class space    used 13191K, committed 13888K, reserved 425984K
}
Event: 158.130 GC heap after
{Heap after GC invocations=52 (full 0):
 garbage-first heap   total 314368K, used 155228K [0x0000000080000000, 0x0000000100000000)
  region size 1024K, 15 young (15360K), 15 survivors (15360K)
 Metaspace       used 95059K, committed 96576K, reserved 557056K
  class space    used 13191K, committed 13888K, reserved 425984K
}
Event: 163.800 GC heap before
{Heap before GC invocations=52 (full 0):
 garbage-first heap   total 314368K, used 246364K [0x0000000080000000, 0x0000000100000000)
  region size 1024K, 103 young (105472K), 15 survivors (15360K)
 Metaspace       used 99166K, committed 100736K, reserved 557056K
  class space    used 13776K, committed 14528K, reserved 425984K
}
Event: 163.820 GC heap after
{Heap after GC invocations=53 (full 0):
 garbage-first heap   total 314368K, used 165888K [0x0000000080000000, 0x0000000100000000)
  region size 1024K, 9 young (9216K), 9 survivors (9216K)
 Metaspace       used 99166K, committed 100736K, reserved 557056K
  class space    used 13776K, committed 14528K, reserved 425984K
}
Event: 164.847 GC heap before
{Heap before GC invocations=53 (full 0):
 garbage-first heap   total 314368K, used 250880K [0x0000000080000000, 0x0000000100000000)
  region size 1024K, 92 young (94208K), 9 survivors (9216K)
 Metaspace       used 101532K, committed 103104K, reserved 557056K
  class space    used 14104K, committed 14848K, reserved 425984K
}
Event: 164.866 GC heap after
{Heap after GC invocations=54 (full 0):
 garbage-first heap   total 314368K, used 176683K [0x0000000080000000, 0x0000000100000000)
  region size 1024K, 10 young (10240K), 10 survivors (10240K)
 Metaspace       used 101532K, committed 103104K, reserved 557056K
  class space    used 14104K, committed 14848K, reserved 425984K
}
Event: 166.943 GC heap before
{Heap before GC invocations=54 (full 0):
 garbage-first heap   total 314368K, used 258603K [0x0000000080000000, 0x0000000100000000)
  region size 1024K, 85 young (87040K), 10 survivors (10240K)
 Metaspace       used 102981K, committed 104640K, reserved 557056K
  class space    used 14286K, committed 15040K, reserved 425984K
}
Event: 166.962 GC heap after
{Heap after GC invocations=55 (full 0):
 garbage-first heap   total 314368K, used 192141K [0x0000000080000000, 0x0000000100000000)
  region size 1024K, 11 young (11264K), 11 survivors (11264K)
 Metaspace       used 102981K, committed 104640K, reserved 557056K
  class space    used 14286K, committed 15040K, reserved 425984K
}
Event: 170.369 GC heap before
{Heap before GC invocations=55 (full 0):
 garbage-first heap   total 314368K, used 263821K [0x0000000080000000, 0x0000000100000000)
  region size 1024K, 74 young (75776K), 11 survivors (11264K)
 Metaspace       used 105699K, committed 107392K, reserved 557056K
  class space    used 14651K, committed 15424K, reserved 425984K
}
Event: 170.383 GC heap after
{Heap after GC invocations=56 (full 0):
 garbage-first heap   total 314368K, used 210141K [0x0000000080000000, 0x0000000100000000)
  region size 1024K, 10 young (10240K), 10 survivors (10240K)
 Metaspace       used 105699K, committed 107392K, reserved 557056K
  class space    used 14651K, committed 15424K, reserved 425984K
}
Event: 171.481 GC heap before
{Heap before GC invocations=56 (full 0):
 garbage-first heap   total 314368K, used 260317K [0x0000000080000000, 0x0000000100000000)
  region size 1024K, 59 young (60416K), 10 survivors (10240K)
 Metaspace       used 106927K, committed 108736K, reserved 557056K
  class space    used 14829K, committed 15680K, reserved 425984K
}
Event: 171.493 GC heap after
{Heap after GC invocations=57 (full 0):
 garbage-first heap   total 314368K, used 217607K [0x0000000080000000, 0x0000000100000000)
  region size 1024K, 7 young (7168K), 7 survivors (7168K)
 Metaspace       used 106927K, committed 108736K, reserved 557056K
  class space    used 14829K, committed 15680K, reserved 425984K
}
Event: 173.342 GC heap before
{Heap before GC invocations=57 (full 0):
 garbage-first heap   total 314368K, used 263687K [0x0000000080000000, 0x0000000100000000)
  region size 1024K, 51 young (52224K), 7 survivors (7168K)
 Metaspace       used 107150K, committed 108928K, reserved 557056K
  class space    used 14862K, committed 15680K, reserved 425984K
}
Event: 173.355 GC heap after
{Heap after GC invocations=58 (full 0):
 garbage-first heap   total 314368K, used 227312K [0x0000000080000000, 0x0000000100000000)
  region size 1024K, 7 young (7168K), 7 survivors (7168K)
 Metaspace       used 107150K, committed 108928K, reserved 557056K
  class space    used 14862K, committed 15680K, reserved 425984K
}
Event: 175.096 GC heap before
{Heap before GC invocations=58 (full 0):
 garbage-first heap   total 314368K, used 269296K [0x0000000080000000, 0x0000000100000000)
  region size 1024K, 44 young (45056K), 7 survivors (7168K)
 Metaspace       used 108989K, committed 110784K, reserved 557056K
  class space    used 15099K, committed 15936K, reserved 425984K
}
Event: 175.107 GC heap after
{Heap after GC invocations=59 (full 0):
 garbage-first heap   total 314368K, used 236624K [0x0000000080000000, 0x0000000100000000)
  region size 1024K, 5 young (5120K), 5 survivors (5120K)
 Metaspace       used 108989K, committed 110784K, reserved 557056K
  class space    used 15099K, committed 15936K, reserved 425984K
}
Event: 177.143 GC heap before
{Heap before GC invocations=59 (full 0):
 garbage-first heap   total 314368K, used 271440K [0x0000000080000000, 0x0000000100000000)
  region size 1024K, 36 young (36864K), 5 survivors (5120K)
 Metaspace       used 109323K, committed 111168K, reserved 557056K
  class space    used 15132K, committed 16000K, reserved 425984K
}
Event: 177.153 GC heap after
{Heap after GC invocations=60 (full 0):
 garbage-first heap   total 314368K, used 247968K [0x0000000080000000, 0x0000000100000000)
  region size 1024K, 5 young (5120K), 5 survivors (5120K)
 Metaspace       used 109323K, committed 111168K, reserved 557056K
  class space    used 15132K, committed 16000K, reserved 425984K
}
Event: 177.770 GC heap before
{Heap before GC invocations=60 (full 0):
 garbage-first heap   total 314368K, used 268448K [0x0000000080000000, 0x0000000100000000)
  region size 1024K, 26 young (26624K), 5 survivors (5120K)
 Metaspace       used 110847K, committed 112704K, reserved 557056K
  class space    used 15270K, committed 16128K, reserved 425984K
}
Event: 177.780 GC heap after
{Heap after GC invocations=61 (full 0):
 garbage-first heap   total 314368K, used 252928K [0x0000000080000000, 0x0000000100000000)
  region size 1024K, 4 young (4096K), 4 survivors (4096K)
 Metaspace       used 110847K, committed 112704K, reserved 557056K
  class space    used 15270K, committed 16128K, reserved 425984K
}

